<?xml version="1.0" encoding="UTF-8"?>
<!-- Generated by org.testng.reporters.JUnitReportReporter -->
<testsuite skipped="0" hostname="LAPTOP-F5KUQCHA" name="tests.PageOneTest" tests="2" failures="0" timestamp="2020-04-21T11:41:35 EDT" time="14.317" errors="0">
  <testcase name="LogIn" time="12.976" classname="tests.PageOneTest"/>
  <testcase name="PracticTest" time="1.341" classname="tests.PageOneTest"/>
</testsuite> <!-- tests.PageOneTest -->
